#
# There is insufficient memory for the Java Runtime Environment to continue.
# Native memory allocation (mmap) failed to map 558891008 bytes for committing reserved memory.
# Possible reasons:
#   The system is out of physical RAM or swap space
#   The process is running with CompressedOops enabled, and the Java Heap may be blocking the growth of the native heap
# Possible solutions:
#   Reduce memory load on the system
#   Increase physical memory or swap space
#   Check if swap backing store is full
#   Decrease Java heap size (-Xmx/-Xms)
#   Decrease number of Java threads
#   Decrease Java thread stack sizes (-Xss)
#   Set larger code cache with -XX:ReservedCodeCacheSize=
#   JVM is running with Unscaled Compressed Oops mode in which the Java heap is
#     placed in the first 4GB address space. The Java Heap base address is the
#     maximum limit for the native heap growth. Please use -XX:HeapBaseMinAddress
#     to set the Java Heap base and to place the Java Heap above 4GB virtual address.
# This output file may be truncated or incomplete.
#
#  Out of Memory Error (os_linux.cpp:2749), pid=1030, tid=0x00007fcd975f5700
#
# JRE version: Java(TM) SE Runtime Environment (8.0_241-b07) (build 1.8.0_241-b07)
# Java VM: Java HotSpot(TM) 64-Bit Server VM (25.241-b07 mixed mode linux-amd64 compressed oops)
# Failed to write core dump. Core dumps have been disabled. To enable core dumping, try "ulimit -c unlimited" before starting Java again
#

---------------  T H R E A D  ---------------

Current thread (0x00007fcdb4144000):  VMThread [stack: 0x00007fcd974f6000,0x00007fcd975f6000] [id=1047]

Stack: [0x00007fcd974f6000,0x00007fcd975f6000],  sp=0x00007fcd975f46f0,  free space=1017k
Native frames: (J=compiled Java code, j=interpreted, Vv=VM code, C=native code)
V  [libjvm.so+0xad9025]  VMError::report_and_die()+0x2e5
V  [libjvm.so+0x4e1457]  report_vm_out_of_memory(char const*, int, unsigned long, VMErrorType, char const*)+0x67
V  [libjvm.so+0x911f10]  os::pd_commit_memory(char*, unsigned long, unsigned long, bool)+0x100
V  [libjvm.so+0x90953f]  os::commit_memory(char*, unsigned long, unsigned long, bool)+0x1f
V  [libjvm.so+0x98e346]  PSVirtualSpace::expand_by(unsigned long)+0x56
V  [libjvm.so+0x97d61b]  PSOldGen::expand_by(unsigned long) [clone .part.28]+0x1b
V  [libjvm.so+0x97d7fd]  PSOldGen::expand(unsigned long) [clone .part.29]+0xcd
V  [libjvm.so+0x97daf8]  PSOldGen::allocate(unsigned long)+0x108
V  [libjvm.so+0x93bf69]  ParallelScavengeHeap::failed_mem_allocate(unsigned long)+0x179
V  [libjvm.so+0xadab73]  VM_ParallelGCFailedAllocation::doit()+0x93
V  [libjvm.so+0xadfdc6]  VM_Operation::evaluate()+0x46
V  [libjvm.so+0xade0fd]  VMThread::evaluate_operation(VM_Operation*) [clone .constprop.44]+0xcd
V  [libjvm.so+0xade6e3]  VMThread::loop()+0x3a3
V  [libjvm.so+0xadeab8]  VMThread::run()+0x78
V  [libjvm.so+0x90f542]  java_start(Thread*)+0x102

VM_Operation (0x00007fcdbc2a2670): ParallelGCFailedAllocation, mode: safepoint, requested by thread 0x00007fcdb400f000


---------------  P R O C E S S  ---------------

Java Threads: ( => current thread )
  0x00007fcd78001000 JavaThread "Attach Listener" daemon [_thread_blocked, id=1075, stack(0x00007fcd964d1000,0x00007fcd965d2000)]
  0x00007fcdb4406000 JavaThread "Service Thread" daemon [_thread_blocked, id=1070, stack(0x00007fcd966d3000,0x00007fcd967d4000)]
  0x00007fcdb4403000 JavaThread "C1 CompilerThread2" daemon [_thread_blocked, id=1067, stack(0x00007fcd967d5000,0x00007fcd968d5000)]
  0x00007fcdb4401800 JavaThread "C2 CompilerThread1" daemon [_thread_blocked, id=1066, stack(0x00007fcd968d6000,0x00007fcd969d6000)]
  0x00007fcdb43ff800 JavaThread "C2 CompilerThread0" daemon [_thread_blocked, id=1065, stack(0x00007fcd96bee000,0x00007fcd96cee000)]
  0x00007fcdb43fd800 JavaThread "Monitor Ctrl-Break" daemon [_thread_in_native, id=1064, stack(0x00007fcd96cee000,0x00007fcd96def000)]
  0x00007fcdb4183000 JavaThread "Signal Dispatcher" daemon [_thread_blocked, id=1060, stack(0x00007fcd96f14000,0x00007fcd97015000)]
  0x00007fcdb4152800 JavaThread "Finalizer" daemon [_thread_blocked, id=1056, stack(0x00007fcd972f3000,0x00007fcd973f4000)]
  0x00007fcdb414e000 JavaThread "Reference Handler" daemon [_thread_blocked, id=1055, stack(0x00007fcd973f4000,0x00007fcd974f5000)]
  0x00007fcdb400f000 JavaThread "main" [_thread_blocked, id=1032, stack(0x00007fcdbc1a4000,0x00007fcdbc2a4000)]

Other Threads:
=>0x00007fcdb4144000 VMThread [stack: 0x00007fcd974f6000,0x00007fcd975f6000] [id=1047]
  0x00007fcdb4409000 WatcherThread [stack: 0x00007fcd965d3000,0x00007fcd966d3000] [id=1071]

VM state:at safepoint (normal execution)

VM Mutex/Monitor currently owned by a thread:  ([mutex/lock_event])
[0x00007fcdb400ad10] ExpandHeap_lock - owner thread: 0x00007fcdb4144000
[0x00007fcdb400b390] Threads_lock - owner thread: 0x00007fcdb4144000
[0x00007fcdb400b890] Heap_lock - owner thread: 0x00007fcdb400f000

heap address: 0x0000000085200000, size: 1966 MB, Compressed Oops mode: 32-bit
Narrow klass base: 0x0000000000000000, Narrow klass shift: 3
Compressed class space size: 1073741824 Address: 0x0000000100000000

Heap:
 PSYoungGen      total 127488K, used 0K [0x00000000d7100000, 0x00000000df280000, 0x0000000100000000)
  eden space 122368K, 0% used [0x00000000d7100000,0x00000000d7100000,0x00000000de880000)
  from space 5120K, 0% used [0x00000000de880000,0x00000000de880000,0x00000000ded80000)
  to   space 1536K, 0% used [0x00000000df100000,0x00000000df100000,0x00000000df280000)
 ParOldGen       total 796672K, used 616970K [0x0000000085200000, 0x00000000b5c00000, 0x00000000d7100000)
  object space 796672K, 77% used [0x0000000085200000,0x00000000aac82858,0x00000000b5c00000)
 Metaspace       used 4003K, capacity 4636K, committed 4864K, reserved 1056768K
  class space    used 443K, capacity 460K, committed 512K, reserved 1048576K

Card table byte_map: [0x00007fcdb889c000,0x00007fcdb8c74000] byte_map_base: 0x00007fcdb8473000

Marking Bits: (ParMarkBitMap*) 0x00007fcdbb653e60
 Begin Bits: [0x00007fcd9c290000, 0x00007fcd9e148000)
 End Bits:   [0x00007fcd9e148000, 0x00007fcda0000000)

Polling page: 0x00007fcdbc2c3000

CodeCache: size=245760Kb used=1333Kb max_used=1345Kb free=244426Kb
 bounds [0x00007fcda5000000, 0x00007fcda5270000, 0x00007fcdb4000000]
 total_blobs=373 nmethods=105 adapters=182
 compilation: enabled

Compilation events (10 events):
Event: 1.191 Thread 0x00007fcdb4403000  101  s    3       java.lang.StringBuffer::append (13 bytes)
Event: 1.192 Thread 0x00007fcdb4403000 nmethod 101 0x00007fcda514bb10 code [0x00007fcda514bcc0, 0x00007fcda514c3d8]
Event: 1.192 Thread 0x00007fcdb4403000  102       3       java.lang.AbstractStringBuilder::<init> (12 bytes)
Event: 1.192 Thread 0x00007fcdb4403000 nmethod 102 0x00007fcda5148450 code [0x00007fcda51485c0, 0x00007fcda5148810]
Event: 1.192 Thread 0x00007fcdb43ff800  103  s    4       java.lang.StringBuffer::append (13 bytes)
Event: 1.193 Thread 0x00007fcdb4403000  104       3       java.lang.AbstractStringBuilder::newCapacity (39 bytes)
Event: 1.193 Thread 0x00007fcdb4403000 nmethod 104 0x00007fcda514c790 code [0x00007fcda514c920, 0x00007fcda514cd08]
Event: 1.193 Thread 0x00007fcdb4403000  105       3       java.lang.String::<init> (10 bytes)
Event: 1.194 Thread 0x00007fcdb4403000 nmethod 105 0x00007fcda514ce50 code [0x00007fcda514cfc0, 0x00007fcda514d190]
Event: 1.197 Thread 0x00007fcdb43ff800 nmethod 103 0x00007fcda51503d0 code [0x00007fcda5150540, 0x00007fcda5150ae8]

GC Heap History (10 events):
Event: 3.424 GC heap before
{Heap before GC invocations=3 (full 0):
 PSYoungGen      total 68608K, used 976K [0x00000000d7100000, 0x00000000db900000, 0x0000000100000000)
  eden space 63488K, 0% used [0x00000000d7100000,0x00000000d7100000,0x00000000daf00000)
  from space 5120K, 19% used [0x00000000db400000,0x00000000db4f4010,0x00000000db900000)
  to   space 5120K, 0% used [0x00000000daf00000,0x00000000daf00000,0x00000000db400000)
 ParOldGen       total 1342464K, used 1191126K [0x0000000085200000, 0x00000000d7100000, 0x00000000d7100000)
  object space 1342464K, 88% used [0x0000000085200000,0x00000000cdd35938,0x00000000d7100000)
 Metaspace       used 4003K, capacity 4636K, committed 4864K, reserved 1056768K
  class space    used 443K, capacity 460K, committed 512K, reserved 1048576K
Event: 3.564 GC heap after
Heap after GC invocations=3 (full 0):
 PSYoungGen      total 68608K, used 960K [0x00000000d7100000, 0x00000000df700000, 0x0000000100000000)
  eden space 63488K, 0% used [0x00000000d7100000,0x00000000d7100000,0x00000000daf00000)
  from space 5120K, 18% used [0x00000000daf00000,0x00000000daff0000,0x00000000db400000)
  to   space 5120K, 0% used [0x00000000df200000,0x00000000df200000,0x00000000df700000)
 ParOldGen       total 1342464K, used 1191126K [0x0000000085200000, 0x00000000d7100000, 0x00000000d7100000)
  object space 1342464K, 88% used [0x0000000085200000,0x00000000cdd35938,0x00000000d7100000)
 Metaspace       used 4003K, capacity 4636K, committed 4864K, reserved 1056768K
  class space    used 443K, capacity 460K, committed 512K, reserved 1048576K
}
Event: 3.564 GC heap before
{Heap before GC invocations=4 (full 1):
 PSYoungGen      total 68608K, used 960K [0x00000000d7100000, 0x00000000df700000, 0x0000000100000000)
  eden space 63488K, 0% used [0x00000000d7100000,0x00000000d7100000,0x00000000daf00000)
  from space 5120K, 18% used [0x00000000daf00000,0x00000000daff0000,0x00000000db400000)
  to   space 5120K, 0% used [0x00000000df200000,0x00000000df200000,0x00000000df700000)
 ParOldGen       total 1342464K, used 1191126K [0x0000000085200000, 0x00000000d7100000, 0x00000000d7100000)
  object space 1342464K, 88% used [0x0000000085200000,0x00000000cdd35938,0x00000000d7100000)
 Metaspace       used 4003K, capacity 4636K, committed 4864K, reserved 1056768K
  class space    used 443K, capacity 460K, committed 512K, reserved 1048576K
Event: 7.124 GC heap after
Heap after GC invocations=4 (full 1):
 PSYoungGen      total 68608K, used 0K [0x00000000d7100000, 0x00000000df700000, 0x0000000100000000)
  eden space 63488K, 0% used [0x00000000d7100000,0x00000000d7100000,0x00000000daf00000)
  from space 5120K, 0% used [0x00000000daf00000,0x00000000daf00000,0x00000000db400000)
  to   space 5120K, 0% used [0x00000000df200000,0x00000000df200000,0x00000000df700000)
 ParOldGen       total 530432K, used 411635K [0x0000000085200000, 0x00000000a5800000, 0x00000000d7100000)
  object space 530432K, 77% used [0x0000000085200000,0x000000009e3fcc60,0x00000000a5800000)
 Metaspace       used 4003K, capacity 4636K, committed 4864K, reserved 1056768K
  class space    used 443K, capacity 460K, committed 512K, reserved 1048576K
}
Event: 8.211 GC heap before
{Heap before GC invocations=5 (full 1):
 PSYoungGen      total 68608K, used 1269K [0x00000000d7100000, 0x00000000df700000, 0x0000000100000000)
  eden space 63488K, 2% used [0x00000000d7100000,0x00000000d723d718,0x00000000daf00000)
  from space 5120K, 0% used [0x00000000daf00000,0x00000000daf00000,0x00000000db400000)
  to   space 5120K, 0% used [0x00000000df200000,0x00000000df200000,0x00000000df700000)
 ParOldGen       total 1342464K, used 1027669K [0x0000000085200000, 0x00000000d7100000, 0x00000000d7100000)
  object space 1342464K, 76% used [0x0000000085200000,0x00000000c3d957a0,0x00000000d7100000)
 Metaspace       used 4003K, capacity 4636K, committed 4864K, reserved 1056768K
  class space    used 443K, capacity 460K, committed 512K, reserved 1048576K
Event: 8.316 GC heap after
Heap after GC invocations=5 (full 1):
 PSYoungGen      total 87040K, used 0K [0x00000000d7100000, 0x00000000df280000, 0x0000000100000000)
  eden space 86528K, 0% used [0x00000000d7100000,0x00000000d7100000,0x00000000dc580000)
  from space 512K, 0% used [0x00000000df200000,0x00000000df200000,0x00000000df280000)
  to   space 5120K, 0% used [0x00000000de880000,0x00000000de880000,0x00000000ded80000)
 ParOldGen       total 1342464K, used 1027669K [0x0000000085200000, 0x00000000d7100000, 0x00000000d7100000)
  object space 1342464K, 76% used [0x0000000085200000,0x00000000c3d957a0,0x00000000d7100000)
 Metaspace       used 4003K, capacity 4636K, committed 4864K, reserved 1056768K
  class space    used 443K, capacity 460K, committed 512K, reserved 1048576K
}
Event: 8.316 GC heap before
{Heap before GC invocations=6 (full 1):
 PSYoungGen      total 87040K, used 0K [0x00000000d7100000, 0x00000000df280000, 0x0000000100000000)
  eden space 86528K, 0% used [0x00000000d7100000,0x00000000d7100000,0x00000000dc580000)
  from space 512K, 0% used [0x00000000df200000,0x00000000df200000,0x00000000df280000)
  to   space 5120K, 0% used [0x00000000de880000,0x00000000de880000,0x00000000ded80000)
 ParOldGen       total 1342464K, used 1027669K [0x0000000085200000, 0x00000000d7100000, 0x00000000d7100000)
  object space 1342464K, 76% used [0x0000000085200000,0x00000000c3d957a0,0x00000000d7100000)
 Metaspace       used 4003K, capacity 4636K, committed 4864K, reserved 1056768K
  class space    used 443K, capacity 460K, committed 512K, reserved 1048576K
Event: 8.425 GC heap after
Heap after GC invocations=6 (full 1):
 PSYoungGen      total 127488K, used 0K [0x00000000d7100000, 0x00000000df280000, 0x0000000100000000)
  eden space 122368K, 0% used [0x00000000d7100000,0x00000000d7100000,0x00000000de880000)
  from space 5120K, 0% used [0x00000000de880000,0x00000000de880000,0x00000000ded80000)
  to   space 1536K, 0% used [0x00000000df100000,0x00000000df100000,0x00000000df280000)
 ParOldGen       total 1342464K, used 1027669K [0x0000000085200000, 0x00000000d7100000, 0x00000000d7100000)
  object space 1342464K, 76% used [0x0000000085200000,0x00000000c3d957a0,0x00000000d7100000)
 Metaspace       used 4003K, capacity 4636K, committed 4864K, reserved 1056768K
  class space    used 443K, capacity 460K, committed 512K, reserved 1048576K
}
Event: 8.425 GC heap before
{Heap before GC invocations=7 (full 2):
 PSYoungGen      total 127488K, used 0K [0x00000000d7100000, 0x00000000df280000, 0x0000000100000000)
  eden space 122368K, 0% used [0x00000000d7100000,0x00000000d7100000,0x00000000de880000)
  from space 5120K, 0% used [0x00000000de880000,0x00000000de880000,0x00000000ded80000)
  to   space 1536K, 0% used [0x00000000df100000,0x00000000df100000,0x00000000df280000)
 ParOldGen       total 1342464K, used 1027669K [0x0000000085200000, 0x00000000d7100000, 0x00000000d7100000)
  object space 1342464K, 76% used [0x0000000085200000,0x00000000c3d957a0,0x00000000d7100000)
 Metaspace       used 4003K, capacity 4636K, committed 4864K, reserved 1056768K
  class space    used 443K, capacity 460K, committed 512K, reserved 1048576K
Event: 13.723 GC heap after
Heap after GC invocations=7 (full 2):
 PSYoungGen      total 127488K, used 0K [0x00000000d7100000, 0x00000000df280000, 0x0000000100000000)
  eden space 122368K, 0% used [0x00000000d7100000,0x00000000d7100000,0x00000000de880000)
  from space 5120K, 0% used [0x00000000de880000,0x00000000de880000,0x00000000ded80000)
  to   space 1536K, 0% used [0x00000000df100000,0x00000000df100000,0x00000000df280000)
 ParOldGen       total 796672K, used 616970K [0x0000000085200000, 0x00000000b5c00000, 0x00000000d7100000)
  object space 796672K, 77% used [0x0000000085200000,0x00000000aac82858,0x00000000b5c00000)
 Metaspace       used 4003K, capacity 4636K, committed 4864K, reserved 1056768K
  class space    used 443K, capacity 460K, committed 512K, reserved 1048576K
}

Deoptimization events (1 events):
Event: 1.186 Thread 0x00007fcd78001000 Uncommon trap: reason=unstable_if action=reinterpret pc=0x00007fcda5130eec method=java.lang.String.compareTo(Ljava/lang/String;)I @ 59

Classes redefined (0 events):
No events

Internal exceptions (6 events):
Event: 0.040 Thread 0x00007fcdb400f000 Exception <a 'java/lang/NoSuchMethodError': Method sun.misc.Unsafe.defineClass(Ljava/lang/String;[BII)Ljava/lang/Class; name or signature does not match> (0x00000000d7107cc0) thrown at [/scratch/jenkins/workspace/8-2-build-linux-amd64/jdk8u241/331/hotspot
Event: 0.040 Thread 0x00007fcdb400f000 Exception <a 'java/lang/NoSuchMethodError': Method sun.misc.Unsafe.prefetchRead(Ljava/lang/Object;J)V name or signature does not match> (0x00000000d7107fa8) thrown at [/scratch/jenkins/workspace/8-2-build-linux-amd64/jdk8u241/331/hotspot/src/share/vm/prim
Event: 0.234 Thread 0x00007fcdb400f000 Exception <a 'java/security/PrivilegedActionException'> (0x00000000d73bdd88) thrown at [/scratch/jenkins/workspace/8-2-build-linux-amd64/jdk8u241/331/hotspot/src/share/vm/prims/jvm.cpp, line 1502]
Event: 0.234 Thread 0x00007fcdb400f000 Exception <a 'java/security/PrivilegedActionException'> (0x00000000d73be180) thrown at [/scratch/jenkins/workspace/8-2-build-linux-amd64/jdk8u241/331/hotspot/src/share/vm/prims/jvm.cpp, line 1502]
Event: 0.235 Thread 0x00007fcdb400f000 Exception <a 'java/security/PrivilegedActionException'> (0x00000000d73c0768) thrown at [/scratch/jenkins/workspace/8-2-build-linux-amd64/jdk8u241/331/hotspot/src/share/vm/prims/jvm.cpp, line 1502]
Event: 0.235 Thread 0x00007fcdb400f000 Exception <a 'java/security/PrivilegedActionException'> (0x00000000d73c0b60) thrown at [/scratch/jenkins/workspace/8-2-build-linux-amd64/jdk8u241/331/hotspot/src/share/vm/prims/jvm.cpp, line 1502]

Events (10 events):
Event: 1.187 loading class sun/util/resources/TimeZoneNamesBundle
Event: 1.188 loading class sun/util/resources/TimeZoneNamesBundle done
Event: 1.188 loading class sun/util/resources/TimeZoneNames done
Event: 1.188 loading class sun/util/resources/en/TimeZoneNames_en
Event: 1.188 loading class sun/util/resources/en/TimeZoneNames_en done
Event: 1.188 loading class java/util/LinkedHashMap$LinkedKeySet
Event: 1.188 loading class java/util/LinkedHashMap$LinkedKeySet done
Event: 3.293 Executing VM operation: ParallelGCFailedAllocation
Event: 7.131 Executing VM operation: ParallelGCFailedAllocation done
Event: 8.211 Executing VM operation: ParallelGCFailedAllocation


Dynamic libraries:
00400000-00401000 r-xp 00000000 08:01 9572702                            /usr/lib/jvm/jdk1.8.0_241/bin/java
00600000-00601000 r--p 00000000 08:01 9572702                            /usr/lib/jvm/jdk1.8.0_241/bin/java
00601000-00602000 rw-p 00001000 08:01 9572702                            /usr/lib/jvm/jdk1.8.0_241/bin/java
00981000-009a2000 rw-p 00000000 00:00 0                                  [heap]
85200000-b5c00000 rw-p 00000000 00:00 0 
d7100000-df280000 rw-p 00000000 00:00 0 
df280000-100000000 ---p 00000000 00:00 0 
100000000-100080000 rw-p 00000000 00:00 0 
100080000-140000000 ---p 00000000 00:00 0 
7fcd58000000-7fcd58021000 rw-p 00000000 00:00 0 
7fcd58021000-7fcd5c000000 ---p 00000000 00:00 0 
7fcd60000000-7fcd60021000 rw-p 00000000 00:00 0 
7fcd60021000-7fcd64000000 ---p 00000000 00:00 0 
7fcd64000000-7fcd64021000 rw-p 00000000 00:00 0 
7fcd64021000-7fcd68000000 ---p 00000000 00:00 0 
7fcd68000000-7fcd68076000 rw-p 00000000 00:00 0 
7fcd68076000-7fcd6c000000 ---p 00000000 00:00 0 
7fcd6c000000-7fcd6c021000 rw-p 00000000 00:00 0 
7fcd6c021000-7fcd70000000 ---p 00000000 00:00 0 
7fcd70000000-7fcd7008d000 rw-p 00000000 00:00 0 
7fcd7008d000-7fcd74000000 ---p 00000000 00:00 0 
7fcd74fff000-7fcd78000000 rw-p 00000000 00:00 0 
7fcd78000000-7fcd78021000 rw-p 00000000 00:00 0 
7fcd78021000-7fcd7c000000 ---p 00000000 00:00 0 
7fcd7c000000-7fcd7c025000 rw-p 00000000 00:00 0 
7fcd7c025000-7fcd80000000 ---p 00000000 00:00 0 
7fcd80000000-7fcd80021000 rw-p 00000000 00:00 0 
7fcd80021000-7fcd84000000 ---p 00000000 00:00 0 
7fcd84000000-7fcd84021000 rw-p 00000000 00:00 0 
7fcd84021000-7fcd88000000 ---p 00000000 00:00 0 
7fcd88000000-7fcd88021000 rw-p 00000000 00:00 0 
7fcd88021000-7fcd8c000000 ---p 00000000 00:00 0 
7fcd8c000000-7fcd8c021000 rw-p 00000000 00:00 0 
7fcd8c021000-7fcd90000000 ---p 00000000 00:00 0 
7fcd90000000-7fcd90021000 rw-p 00000000 00:00 0 
7fcd90021000-7fcd94000000 ---p 00000000 00:00 0 
7fcd9623c000-7fcd964d1000 rw-p 00000000 00:00 0 
7fcd964d1000-7fcd964d4000 ---p 00000000 00:00 0 
7fcd964d4000-7fcd965d2000 rw-p 00000000 00:00 0 
7fcd965d2000-7fcd965d3000 ---p 00000000 00:00 0 
7fcd965d3000-7fcd966d3000 rw-p 00000000 00:00 0 
7fcd966d3000-7fcd966d6000 ---p 00000000 00:00 0 
7fcd966d6000-7fcd967d4000 rw-p 00000000 00:00 0 
7fcd967d4000-7fcd967d5000 ---p 00000000 00:00 0 
7fcd967d5000-7fcd967d8000 ---p 00000000 00:00 0 
7fcd967d8000-7fcd968d5000 rw-p 00000000 00:00 0 
7fcd968d5000-7fcd968d6000 ---p 00000000 00:00 0 
7fcd968d6000-7fcd968d9000 ---p 00000000 00:00 0 
7fcd968d9000-7fcd969d6000 rw-p 00000000 00:00 0 
7fcd969d6000-7fcd969ec000 r-xp 00000000 08:01 5774247                    /usr/lib/jvm/jdk1.8.0_241/jre/lib/amd64/libnet.so
7fcd969ec000-7fcd96beb000 ---p 00016000 08:01 5774247                    /usr/lib/jvm/jdk1.8.0_241/jre/lib/amd64/libnet.so
7fcd96beb000-7fcd96bec000 r--p 00015000 08:01 5774247                    /usr/lib/jvm/jdk1.8.0_241/jre/lib/amd64/libnet.so
7fcd96bec000-7fcd96bed000 rw-p 00016000 08:01 5774247                    /usr/lib/jvm/jdk1.8.0_241/jre/lib/amd64/libnet.so
7fcd96bed000-7fcd96bee000 ---p 00000000 00:00 0 
7fcd96bee000-7fcd96bf1000 ---p 00000000 00:00 0 
7fcd96bf1000-7fcd96cee000 rw-p 00000000 00:00 0 
7fcd96cee000-7fcd96cf1000 ---p 00000000 00:00 0 
7fcd96cf1000-7fcd96def000 rw-p 00000000 00:00 0 
7fcd96def000-7fcd96df2000 r--s 0001c000 08:01 7602193                    /opt/idea-IC-193.6494.35/lib/idea_rt.jar
7fcd96df2000-7fcd96df3000 r--s 00004000 08:01 9830927                    /home/webwerks/.m2/repository/com/vaadin/external/google/android-json/0.0.20131108.vaadin1/android-json-0.0.20131108.vaadin1.jar
7fcd96df3000-7fcd96df7000 r--s 00034000 08:01 11932050                   /home/webwerks/.m2/repository/org/codehaus/jackson/jackson-core-asl/1.9.2/jackson-core-asl-1.9.2.jar
7fcd96df7000-7fcd96e05000 r--s 000ad000 08:01 11932049                   /home/webwerks/.m2/repository/org/codehaus/jackson/jackson-mapper-asl/1.9.2/jackson-mapper-asl-1.9.2.jar
7fcd96e05000-7fcd96e08000 r--s 0000e000 08:01 12194402                   /home/webwerks/.m2/repository/com/fasterxml/jackson/core/jackson-annotations/2.11.0/jackson-annotations-2.11.0.jar
7fcd96e08000-7fcd96e1e000 r--s 00145000 08:01 12194404                   /home/webwerks/.m2/repository/com/fasterxml/jackson/core/jackson-databind/2.11.0/jackson-databind-2.11.0.jar
7fcd96e1e000-7fcd96e23000 r--s 00016000 08:01 9962715                    /home/webwerks/.m2/repository/xml-apis/xml-apis/1.0.b2/xml-apis-1.0.b2.jar
7fcd96e23000-7fcd96e60000 r--s 0024f000 08:01 11012150                   /home/webwerks/.m2/repository/org/apache/xmlbeans/xmlbeans/2.3.0/xmlbeans-2.3.0.jar
7fcd96e60000-7fcd96ef4000 r--s 00401000 08:01 10750079                   /home/webwerks/.m2/repository/org/apache/poi/poi-ooxml-schemas/3.9/poi-ooxml-schemas-3.9.jar
7fcd96ef4000-7fcd96f14000 r--s 001a9000 08:01 10750081                   /home/webwerks/.m2/repository/org/apache/poi/poi/3.9/poi-3.9.jar
7fcd96f14000-7fcd96f17000 ---p 00000000 00:00 0 
7fcd96f17000-7fcd97015000 rw-p 00000000 00:00 0 
7fcd97015000-7fcd972f3000 r--p 00000000 08:01 5507936                    /usr/lib/locale/locale-archive
7fcd972f3000-7fcd972f6000 ---p 00000000 00:00 0 
7fcd972f6000-7fcd973f4000 rw-p 00000000 00:00 0 
7fcd973f4000-7fcd973f7000 ---p 00000000 00:00 0 
7fcd973f7000-7fcd974f5000 rw-p 00000000 00:00 0 
7fcd974f5000-7fcd974f6000 ---p 00000000 00:00 0 
7fcd974f6000-7fcd98000000 rw-p 00000000 00:00 0 
7fcd98000000-7fcd98021000 rw-p 00000000 00:00 0 
7fcd98021000-7fcd9c000000 ---p 00000000 00:00 0 
7fcd9c000000-7fcd9c004000 r--s 00052000 08:01 12194406                   /home/webwerks/.m2/repository/com/fasterxml/jackson/core/jackson-core/2.11.0/jackson-core-2.11.0.jar
7fcd9c004000-7fcd9c009000 r--s 00048000 08:01 12322299                   /home/webwerks/.m2/repository/dom4j/dom4j/1.6.1/dom4j-1.6.1.jar
7fcd9c009000-7fcd9c00b000 r--s 00005000 08:01 12452964                   /home/webwerks/.m2/repository/stax/stax-api/1.0.1/stax-api-1.0.1.jar
7fcd9c00b000-7fcd9c017000 r--s 000d9000 08:01 10750077                   /home/webwerks/.m2/repository/org/apache/poi/poi-ooxml/3.9/poi-ooxml-3.9.jar
7fcd9c017000-7fcd9c019000 r--s 00009000 08:01 9702125                    /home/webwerks/.m2/repository/org/slf4j/slf4j-api/1.7.30/slf4j-api-1.7.30.jar
7fcd9c019000-7fcd9c01a000 r--s 00006000 08:01 9701313                    /home/webwerks/.m2/repository/io/github/millij/poi-object-mapper/1.0.0/poi-object-mapper-1.0.0.jar
7fcd9c01a000-7fcd9c01e000 r--s 00041000 08:01 9963667                    /home/webwerks/.m2/repository/com/jcraft/jsch/0.1.55/jsch-0.1.55.jar
7fcd9c01e000-7fcd9c027000 r--s 0006f000 08:01 11670870                   /home/webwerks/.m2/repository/log4j/log4j/1.2.17/log4j-1.2.17.jar
7fcd9c027000-7fcd9c02f000 r--s 00066000 08:01 11013553                   /home/webwerks/.m2/repository/log4j/apache-log4j-extras/1.2.17/apache-log4j-extras-1.2.17.jar
7fcd9c02f000-7fcd9c033000 r--s 00031000 08:01 9832834                    /home/webwerks/.m2/repository/commons-io/commons-io/2.6/commons-io-2.6.jar
7fcd9c033000-7fcd9c043000 r--s 000a8000 08:01 9963663                    /home/webwerks/.m2/repository/org/apache/commons/commons-collections4/4.4/commons-collections4-4.4.jar
7fcd9c043000-7fcd9c050000 r--s 00083000 08:01 9962044                    /home/webwerks/.m2/repository/commons-collections/commons-collections/3.2.2/commons-collections-3.2.2.jar
7fcd9c050000-7fcd9c052000 r--s 0000e000 08:01 9832796                    /home/webwerks/.m2/repository/commons-logging/commons-logging/1.2/commons-logging-1.2.jar
7fcd9c052000-7fcd9c057000 r--s 00038000 08:01 9963648                    /home/webwerks/.m2/repository/commons-beanutils/commons-beanutils/1.9.4/commons-beanutils-1.9.4.jar
7fcd9c057000-7fcd9c05c000 r--s 0002e000 08:01 9963647                    /home/webwerks/.m2/repository/org/apache/commons/commons-text/1.8/commons-text-1.8.jar
7fcd9c05c000-7fcd9c064000 r--s 00078000 08:01 12061763                   /home/webwerks/.m2/repository/org/apache/commons/commons-lang3/3.10/commons-lang3-3.10.jar
7fcd9c064000-7fcd9c06b000 r--s 0004e000 08:01 12061877                   /home/webwerks/.m2/repository/commons-codec/commons-codec/1.14/commons-codec-1.14.jar
7fcd9c06b000-7fcd9c072000 r--s 00045000 08:01 12194197                   /home/webwerks/.m2/repository/org/yaml/snakeyaml/1.26/snakeyaml-1.26.jar
7fcd9c072000-7fcd9c08e000 r--s 00145000 08:01 12194218                   /home/webwerks/.m2/repository/org/springframework/spring-core/5.2.7.RELEASE/spring-core-5.2.7.RELEASE.jar
7fcd9c08e000-7fcda0000000 rw-p 00000000 00:00 0 
7fcda0000000-7fcda0021000 rw-p 00000000 00:00 0 
7fcda0021000-7fcda4000000 ---p 00000000 00:00 0 
7fcda4000000-7fcda4004000 r--s 0002d000 08:01 9963635                    /home/webwerks/.m2/repository/com/opencsv/opencsv/5.1/opencsv-5.1.jar
7fcda4004000-7fcda4005000 r--s 00005000 08:01 12194196                   /home/webwerks/.m2/repository/org/springframework/spring-jcl/5.2.7.RELEASE/spring-jcl-5.2.7.RELEASE.jar
7fcda4005000-7fcda4007000 r--s 00005000 08:01 9702114                    /home/webwerks/.m2/repository/jakarta/annotation/jakarta.annotation-api/1.3.5/jakarta.annotation-api-1.3.5.jar
7fcda4007000-7fcda4009000 r--s 00000000 08:01 9702107                    /home/webwerks/.m2/repository/org/slf4j/jul-to-slf4j/1.7.30/jul-to-slf4j-1.7.30.jar
7fcda4009000-7fcda400f000 r--s 00042000 08:01 12194185                   /home/webwerks/.m2/repository/org/apache/logging/log4j/log4j-api/2.13.3/log4j-api-2.13.3.jar
7fcda400f000-7fcda4011000 r--s 00003000 08:01 12194194                   /home/webwerks/.m2/repository/org/apache/logging/log4j/log4j-to-slf4j/2.13.3/log4j-to-slf4j-2.13.3.jar
7fcda4011000-7fcda401c000 r--s 00069000 08:01 9702150                    /home/webwerks/.m2/repository/ch/qos/logback/logback-core/1.2.3/logback-core-1.2.3.jar
7fcda401c000-7fcda4022000 r--s 00041000 08:01 9702111                    /home/webwerks/.m2/repository/ch/qos/logback/logback-classic/1.2.3/logback-classic-1.2.3.jar
7fcda4022000-7fcda4023000 r--s 00001000 08:01 12194192                   /home/webwerks/.m2/repository/org/springframework/boot/spring-boot-starter-logging/2.3.1.RELEASE/spring-boot-starter-logging-2.3.1.RELEASE.jar
7fcda4023000-7fcda404d000 r--s 0013d000 08:01 12194172                   /home/webwerks/.m2/repository/org/springframework/boot/spring-boot-autoconfigure/2.3.1.RELEASE/spring-boot-autoconfigure-2.3.1.RELEASE.jar
7fcda404d000-7fcda424f000 rw-p 00000000 00:00 0 
7fcda424f000-7fcda4429000 r--s 03d8c000 08:01 5510204                    /usr/lib/jvm/jdk1.8.0_241/jre/lib/rt.jar
7fcda4429000-7fcda4869000 rw-p 00000000 00:00 0 
7fcda4869000-7fcda4c29000 ---p 00000000 00:00 0 
7fcda4c29000-7fcda5000000 rw-p 00000000 00:00 0 
7fcda5000000-7fcda5270000 rwxp 00000000 00:00 0 
7fcda5270000-7fcdb4000000 ---p 00000000 00:00 0 
7fcdb4000000-7fcdb4430000 rw-p 00000000 00:00 0 
7fcdb4430000-7fcdb8000000 ---p 00000000 00:00 0 
7fcdb8000000-7fcdb8005000 r--s 00040000 08:01 12194175                   /home/webwerks/.m2/repository/org/springframework/spring-expression/5.2.7.RELEASE/spring-expression-5.2.7.RELEASE.jar
7fcdb8005000-7fcdb8012000 r--s 0009c000 08:01 12194181                   /home/webwerks/.m2/repository/org/springframework/spring-beans/5.2.7.RELEASE/spring-beans-5.2.7.RELEASE.jar
7fcdb8012000-7fcdb801b000 r--s 00052000 08:01 12194179                   /home/webwerks/.m2/repository/org/springframework/spring-aop/5.2.7.RELEASE/spring-aop-5.2.7.RELEASE.jar
7fcdb801b000-7fcdb8036000 r--s 00111000 08:01 12194177                   /home/webwerks/.m2/repository/org/springframework/spring-context/5.2.7.RELEASE/spring-context-5.2.7.RELEASE.jar
7fcdb8036000-7fcdb804f000 r--s 000f9000 08:01 12194203                   /home/webwerks/.m2/repository/org/springframework/boot/spring-boot/2.3.1.RELEASE/spring-boot-2.3.1.RELEASE.jar
7fcdb804f000-7fcdb8062000 r--s 0034b000 08:01 5510201                    /usr/lib/jvm/jdk1.8.0_241/jre/lib/resources.jar
7fcdb8062000-7fcdb8075000 r--s 000d6000 08:01 5510233                    /usr/lib/jvm/jdk1.8.0_241/jre/lib/plugin.jar
7fcdb8075000-7fcdb8091000 r--s 0020c000 08:01 5510114                    /usr/lib/jvm/jdk1.8.0_241/jre/lib/deploy.jar
7fcdb8091000-7fcdb8208000 rw-p 00000000 00:00 0 
7fcdb8208000-7fcdb8209000 ---p 00000000 00:00 0 
7fcdb8209000-7fcdb8309000 rw-p 00000000 00:00 0 
7fcdb8309000-7fcdb830a000 ---p 00000000 00:00 0 
7fcdb830a000-7fcdb840a000 rw-p 00000000 00:00 0 
7fcdb840a000-7fcdb840b000 ---p 00000000 00:00 0 
7fcdb840b000-7fcdb850b000 rw-p 00000000 00:00 0 
7fcdb850b000-7fcdb850c000 ---p 00000000 00:00 0 
7fcdb850c000-7fcdb8791000 rw-p 00000000 00:00 0 
7fcdb8791000-7fcdb889c000 ---p 00000000 00:00 0 
7fcdb889c000-7fcdb8a21000 rw-p 00000000 00:00 0 
7fcdb8a21000-7fcdb8b2b000 ---p 00000000 00:00 0 
7fcdb8b2b000-7fcdb8b6d000 rw-p 00000000 00:00 0 
7fcdb8b6d000-7fcdb8c73000 ---p 00000000 00:00 0 
7fcdb8c73000-7fcdb8c7e000 rw-p 00000000 00:00 0 
7fcdb8c7e000-7fcdb9034000 ---p 00000000 00:00 0 
7fcdb9034000-7fcdb904f000 r-xp 00000000 08:01 5774217                    /usr/lib/jvm/jdk1.8.0_241/jre/lib/amd64/libzip.so
7fcdb904f000-7fcdb924e000 ---p 0001b000 08:01 5774217                    /usr/lib/jvm/jdk1.8.0_241/jre/lib/amd64/libzip.so
7fcdb924e000-7fcdb924f000 r--p 0001a000 08:01 5774217                    /usr/lib/jvm/jdk1.8.0_241/jre/lib/amd64/libzip.so
7fcdb924f000-7fcdb9250000 rw-p 0001b000 08:01 5774217                    /usr/lib/jvm/jdk1.8.0_241/jre/lib/amd64/libzip.so
7fcdb9250000-7fcdb925b000 r-xp 00000000 08:01 3147068                    /lib/x86_64-linux-gnu/libnss_files-2.27.so
7fcdb925b000-7fcdb945a000 ---p 0000b000 08:01 3147068                    /lib/x86_64-linux-gnu/libnss_files-2.27.so
7fcdb945a000-7fcdb945b000 r--p 0000a000 08:01 3147068                    /lib/x86_64-linux-gnu/libnss_files-2.27.so
7fcdb945b000-7fcdb945c000 rw-p 0000b000 08:01 3147068                    /lib/x86_64-linux-gnu/libnss_files-2.27.so
7fcdb945c000-7fcdb9462000 rw-p 00000000 00:00 0 
7fcdb9462000-7fcdb9479000 r-xp 00000000 08:01 3147065                    /lib/x86_64-linux-gnu/libnsl-2.27.so
7fcdb9479000-7fcdb9678000 ---p 00017000 08:01 3147065                    /lib/x86_64-linux-gnu/libnsl-2.27.so
7fcdb9678000-7fcdb9679000 r--p 00016000 08:01 3147065                    /lib/x86_64-linux-gnu/libnsl-2.27.so
7fcdb9679000-7fcdb967a000 rw-p 00017000 08:01 3147065                    /lib/x86_64-linux-gnu/libnsl-2.27.so
7fcdb967a000-7fcdb967c000 rw-p 00000000 00:00 0 
7fcdb967c000-7fcdb9687000 r-xp 00000000 08:01 3147070                    /lib/x86_64-linux-gnu/libnss_nis-2.27.so
7fcdb9687000-7fcdb9886000 ---p 0000b000 08:01 3147070                    /lib/x86_64-linux-gnu/libnss_nis-2.27.so
7fcdb9886000-7fcdb9887000 r--p 0000a000 08:01 3147070                    /lib/x86_64-linux-gnu/libnss_nis-2.27.so
7fcdb9887000-7fcdb9888000 rw-p 0000b000 08:01 3147070                    /lib/x86_64-linux-gnu/libnss_nis-2.27.so
7fcdb9888000-7fcdb9890000 r-xp 00000000 08:01 3147066                    /lib/x86_64-linux-gnu/libnss_compat-2.27.so
7fcdb9890000-7fcdb9a90000 ---p 00008000 08:01 3147066                    /lib/x86_64-linux-gnu/libnss_compat-2.27.so
7fcdb9a90000-7fcdb9a91000 r--p 00008000 08:01 3147066                    /lib/x86_64-linux-gnu/libnss_compat-2.27.so
7fcdb9a91000-7fcdb9a92000 rw-p 00009000 08:01 3147066                    /lib/x86_64-linux-gnu/libnss_compat-2.27.so
7fcdb9a92000-7fcdb9a9c000 r-xp 00000000 08:01 5774199                    /usr/lib/jvm/jdk1.8.0_241/jre/lib/amd64/libinstrument.so
7fcdb9a9c000-7fcdb9c9b000 ---p 0000a000 08:01 5774199                    /usr/lib/jvm/jdk1.8.0_241/jre/lib/amd64/libinstrument.so
7fcdb9c9b000-7fcdb9c9c000 r--p 00009000 08:01 5774199                    /usr/lib/jvm/jdk1.8.0_241/jre/lib/amd64/libinstrument.so
7fcdb9c9c000-7fcdb9c9d000 rw-p 0000a000 08:01 5774199                    /usr/lib/jvm/jdk1.8.0_241/jre/lib/amd64/libinstrument.so
7fcdb9c9d000-7fcdb9cc9000 r-xp 00000000 08:01 5774226                    /usr/lib/jvm/jdk1.8.0_241/jre/lib/amd64/libjava.so
7fcdb9cc9000-7fcdb9ec9000 ---p 0002c000 08:01 5774226                    /usr/lib/jvm/jdk1.8.0_241/jre/lib/amd64/libjava.so
7fcdb9ec9000-7fcdb9eca000 r--p 0002c000 08:01 5774226                    /usr/lib/jvm/jdk1.8.0_241/jre/lib/amd64/libjava.so
7fcdb9eca000-7fcdb9ecc000 rw-p 0002d000 08:01 5774226                    /usr/lib/jvm/jdk1.8.0_241/jre/lib/amd64/libjava.so
7fcdb9ecc000-7fcdb9ed9000 r-xp 00000000 08:01 5774227                    /usr/lib/jvm/jdk1.8.0_241/jre/lib/amd64/libverify.so
7fcdb9ed9000-7fcdba0d8000 ---p 0000d000 08:01 5774227                    /usr/lib/jvm/jdk1.8.0_241/jre/lib/amd64/libverify.so
7fcdba0d8000-7fcdba0da000 r--p 0000c000 08:01 5774227                    /usr/lib/jvm/jdk1.8.0_241/jre/lib/amd64/libverify.so
7fcdba0da000-7fcdba0db000 rw-p 0000e000 08:01 5774227                    /usr/lib/jvm/jdk1.8.0_241/jre/lib/amd64/libverify.so
7fcdba0db000-7fcdba0e2000 r-xp 00000000 08:01 3147075                    /lib/x86_64-linux-gnu/librt-2.27.so
7fcdba0e2000-7fcdba2e1000 ---p 00007000 08:01 3147075                    /lib/x86_64-linux-gnu/librt-2.27.so
7fcdba2e1000-7fcdba2e2000 r--p 00006000 08:01 3147075                    /lib/x86_64-linux-gnu/librt-2.27.so
7fcdba2e2000-7fcdba2e3000 rw-p 00007000 08:01 3147075                    /lib/x86_64-linux-gnu/librt-2.27.so
7fcdba2e3000-7fcdba480000 r-xp 00000000 08:01 3147055                    /lib/x86_64-linux-gnu/libm-2.27.so
7fcdba480000-7fcdba67f000 ---p 0019d000 08:01 3147055                    /lib/x86_64-linux-gnu/libm-2.27.so
7fcdba67f000-7fcdba680000 r--p 0019c000 08:01 3147055                    /lib/x86_64-linux-gnu/libm-2.27.so
7fcdba680000-7fcdba681000 rw-p 0019d000 08:01 3147055                    /lib/x86_64-linux-gnu/libm-2.27.so
7fcdba681000-7fcdbb370000 r-xp 00000000 08:01 5902497                    /usr/lib/jvm/jdk1.8.0_241/jre/lib/amd64/server/libjvm.so
7fcdbb370000-7fcdbb56f000 ---p 00cef000 08:01 5902497                    /usr/lib/jvm/jdk1.8.0_241/jre/lib/amd64/server/libjvm.so
7fcdbb56f000-7fcdbb605000 r--p 00cee000 08:01 5902497                    /usr/lib/jvm/jdk1.8.0_241/jre/lib/amd64/server/libjvm.so
7fcdbb605000-7fcdbb636000 rw-p 00d84000 08:01 5902497                    /usr/lib/jvm/jdk1.8.0_241/jre/lib/amd64/server/libjvm.so
7fcdbb636000-7fcdbb671000 rw-p 00000000 00:00 0 
7fcdbb671000-7fcdbb858000 r-xp 00000000 08:01 3147044                    /lib/x86_64-linux-gnu/libc-2.27.so
7fcdbb858000-7fcdbba58000 ---p 001e7000 08:01 3147044                    /lib/x86_64-linux-gnu/libc-2.27.so
7fcdbba58000-7fcdbba5c000 r--p 001e7000 08:01 3147044                    /lib/x86_64-linux-gnu/libc-2.27.so
7fcdbba5c000-7fcdbba5e000 rw-p 001eb000 08:01 3147044                    /lib/x86_64-linux-gnu/libc-2.27.so
7fcdbba5e000-7fcdbba62000 rw-p 00000000 00:00 0 
7fcdbba62000-7fcdbba65000 r-xp 00000000 08:01 3147054                    /lib/x86_64-linux-gnu/libdl-2.27.so
7fcdbba65000-7fcdbbc64000 ---p 00003000 08:01 3147054                    /lib/x86_64-linux-gnu/libdl-2.27.so
7fcdbbc64000-7fcdbbc65000 r--p 00002000 08:01 3147054                    /lib/x86_64-linux-gnu/libdl-2.27.so
7fcdbbc65000-7fcdbbc66000 rw-p 00003000 08:01 3147054                    /lib/x86_64-linux-gnu/libdl-2.27.so
7fcdbbc66000-7fcdbbc7d000 r-xp 00000000 08:01 9572133                    /usr/lib/jvm/jdk1.8.0_241/lib/amd64/jli/libjli.so
7fcdbbc7d000-7fcdbbe7c000 ---p 00017000 08:01 9572133                    /usr/lib/jvm/jdk1.8.0_241/lib/amd64/jli/libjli.so
7fcdbbe7c000-7fcdbbe7d000 r--p 00016000 08:01 9572133                    /usr/lib/jvm/jdk1.8.0_241/lib/amd64/jli/libjli.so
7fcdbbe7d000-7fcdbbe7e000 rw-p 00017000 08:01 9572133                    /usr/lib/jvm/jdk1.8.0_241/lib/amd64/jli/libjli.so
7fcdbbe7e000-7fcdbbe98000 r-xp 00000000 08:01 3147073                    /lib/x86_64-linux-gnu/libpthread-2.27.so
7fcdbbe98000-7fcdbc097000 ---p 0001a000 08:01 3147073                    /lib/x86_64-linux-gnu/libpthread-2.27.so
7fcdbc097000-7fcdbc098000 r--p 00019000 08:01 3147073                    /lib/x86_64-linux-gnu/libpthread-2.27.so
7fcdbc098000-7fcdbc099000 rw-p 0001a000 08:01 3147073                    /lib/x86_64-linux-gnu/libpthread-2.27.so
7fcdbc099000-7fcdbc09d000 rw-p 00000000 00:00 0 
7fcdbc09d000-7fcdbc0c4000 r-xp 00000000 08:01 3147035                    /lib/x86_64-linux-gnu/ld-2.27.so
7fcdbc0c4000-7fcdbc0c5000 r--s 00001000 08:01 12194174                   /home/webwerks/.m2/repository/org/springframework/boot/spring-boot-starter/2.3.1.RELEASE/spring-boot-starter-2.3.1.RELEASE.jar
7fcdbc0c5000-7fcdbc0c6000 r--s 00000000 08:01 5510206                    /usr/lib/jvm/jdk1.8.0_241/jre/lib/management-agent.jar
7fcdbc0c6000-7fcdbc0ca000 r--s 000a4000 08:01 5510168                    /usr/lib/jvm/jdk1.8.0_241/jre/lib/jsse.jar
7fcdbc0ca000-7fcdbc0cc000 r--s 00007000 08:01 5510160                    /usr/lib/jvm/jdk1.8.0_241/jre/lib/jfxswt.jar
7fcdbc0cc000-7fcdbc0d1000 r--s 00087000 08:01 5510236                    /usr/lib/jvm/jdk1.8.0_241/jre/lib/jfr.jar
7fcdbc0d1000-7fcdbc1a3000 rw-p 00000000 00:00 0 
7fcdbc1a3000-7fcdbc1a4000 ---p 00000000 00:00 0 
7fcdbc1a4000-7fcdbc1a7000 ---p 00000000 00:00 0 
7fcdbc1a7000-7fcdbc2a8000 rw-p 00000000 00:00 0 
7fcdbc2a8000-7fcdbc2ab000 r--s 0001a000 08:01 5510234                    /usr/lib/jvm/jdk1.8.0_241/jre/lib/jce.jar
7fcdbc2ab000-7fcdbc2b5000 r--s 0006e000 08:01 5510231                    /usr/lib/jvm/jdk1.8.0_241/jre/lib/javaws.jar
7fcdbc2b5000-7fcdbc2ba000 r--s 002f9000 08:01 5510200                    /usr/lib/jvm/jdk1.8.0_241/jre/lib/charsets.jar
7fcdbc2ba000-7fcdbc2c2000 rw-s 00000000 08:01 4459828                    /tmp/hsperfdata_webwerks/1030
7fcdbc2c2000-7fcdbc2c3000 rw-p 00000000 00:00 0 
7fcdbc2c3000-7fcdbc2c4000 ---p 00000000 00:00 0 
7fcdbc2c4000-7fcdbc2c5000 r--p 00027000 08:01 3147035                    /lib/x86_64-linux-gnu/ld-2.27.so
7fcdbc2c5000-7fcdbc2c6000 rw-p 00028000 08:01 3147035                    /lib/x86_64-linux-gnu/ld-2.27.so
7fcdbc2c6000-7fcdbc2c7000 rw-p 00000000 00:00 0 
7ffeacb8f000-7ffeacbb1000 rw-p 00000000 00:00 0                          [stack]
7ffeacbcb000-7ffeacbce000 r--p 00000000 00:00 0                          [vvar]
7ffeacbce000-7ffeacbd0000 r-xp 00000000 00:00 0                          [vdso]
ffffffffff600000-ffffffffff601000 r-xp 00000000 00:00 0                  [vsyscall]

VM Arguments:
jvm_args: -javaagent:/opt/idea-IC-193.6494.35/lib/idea_rt.jar=36251:/opt/idea-IC-193.6494.35/bin -Dfile.encoding=UTF-8 
java_command: com.example.demo.regex.Solution
java_class_path (initial): /usr/lib/jvm/jdk1.8.0_241/jre/lib/charsets.jar:/usr/lib/jvm/jdk1.8.0_241/jre/lib/deploy.jar:/usr/lib/jvm/jdk1.8.0_241/jre/lib/ext/cldrdata.jar:/usr/lib/jvm/jdk1.8.0_241/jre/lib/ext/dnsns.jar:/usr/lib/jvm/jdk1.8.0_241/jre/lib/ext/jaccess.jar:/usr/lib/jvm/jdk1.8.0_241/jre/lib/ext/jfxrt.jar:/usr/lib/jvm/jdk1.8.0_241/jre/lib/ext/localedata.jar:/usr/lib/jvm/jdk1.8.0_241/jre/lib/ext/nashorn.jar:/usr/lib/jvm/jdk1.8.0_241/jre/lib/ext/sunec.jar:/usr/lib/jvm/jdk1.8.0_241/jre/lib/ext/sunjce_provider.jar:/usr/lib/jvm/jdk1.8.0_241/jre/lib/ext/sunpkcs11.jar:/usr/lib/jvm/jdk1.8.0_241/jre/lib/ext/zipfs.jar:/usr/lib/jvm/jdk1.8.0_241/jre/lib/javaws.jar:/usr/lib/jvm/jdk1.8.0_241/jre/lib/jce.jar:/usr/lib/jvm/jdk1.8.0_241/jre/lib/jfr.jar:/usr/lib/jvm/jdk1.8.0_241/jre/lib/jfxswt.jar:/usr/lib/jvm/jdk1.8.0_241/jre/lib/jsse.jar:/usr/lib/jvm/jdk1.8.0_241/jre/lib/management-agent.jar:/usr/lib/jvm/jdk1.8.0_241/jre/lib/plugin.jar:/usr/lib/jvm/jdk1.8.0_241/jre/lib/resources.jar:/usr/lib/jvm/jdk1.8.0_241/jre/lib/rt.jar:/home/webwerks/IdeaProjects/demo/target/classes:/home/webwerks/.m2/repository/org/springframework/boot/spring-boot-starter/2.3.1.RELEASE/spring-boot-starter-2.3.1.RELEASE.jar:/home/webwerks/.m2/repository/org/springframework/boot/spring-boot/2.3.1.RELEASE/spring-boot-2.3.1.RELEASE.jar:/home/webwerks/.m2/repository/org/springframework/spring-context/5.2.7.RELEASE/spring-context-5.2.7.RELEASE.jar:/home/webwerks/.m2/repository/org/springframework/spring-aop/5.2.7.RELEASE/spring-aop-5.2.7.RELEASE.jar:/home/webwerks/.m2/repository/org/springframework/spring-beans/5.2.7.RELEASE/spring-beans-5.2.7.RELEASE.jar:/home/webwerks/.m2/repository/org/springframework/spring-expression/5.2.7.RELEASE/spring-expression-5.2.7.RELEASE.jar:/home/webwerks/.m2/repository/org/springframework/boot/spring-boot-autoconfigure/2.3.1.RELEASE/spring-boot-autoconfigure-2.3.1.RELEASE.jar:/home/webwerks/.m2/repository/org/springframework/boot/spring-boot-starter-logging/2.3.1.RELEASE/spr
Launcher Type: SUN_STANDARD

Environment Variables:
JAVA_HOME=/usr/lib/jvm/jdk1.8.0_241
PATH=/usr/local/sbin:/usr/local/bin:/usr/sbin:/usr/bin:/sbin:/bin:/usr/games:/usr/local/games:/usr/lib/jvm/jdk1.8.0_241/bin:/usr/lib/jvm/jdk1.8.0_241/db/bin:/usr/lib/jvm/jdk1.8.0_241/jre/bin:/snap/bin
USERNAME=webwerks
SHELL=/bin/bash
DISPLAY=:0

Signal Handlers:
SIGSEGV: [libjvm.so+0xad9960], sa_mask[0]=11111111011111111101111111111110, sa_flags=SA_RESTART|SA_SIGINFO
SIGBUS: [libjvm.so+0xad9960], sa_mask[0]=11111111011111111101111111111110, sa_flags=SA_RESTART|SA_SIGINFO
SIGFPE: [libjvm.so+0x90d4a0], sa_mask[0]=11111111011111111101111111111110, sa_flags=SA_RESTART|SA_SIGINFO
SIGPIPE: [libjvm.so+0x90d4a0], sa_mask[0]=11111111011111111101111111111110, sa_flags=SA_RESTART|SA_SIGINFO
SIGXFSZ: [libjvm.so+0x90d4a0], sa_mask[0]=11111111011111111101111111111110, sa_flags=SA_RESTART|SA_SIGINFO
SIGILL: [libjvm.so+0x90d4a0], sa_mask[0]=11111111011111111101111111111110, sa_flags=SA_RESTART|SA_SIGINFO
SIGUSR1: SIG_DFL, sa_mask[0]=00000000000000000000000000000000, sa_flags=none
SIGUSR2: [libjvm.so+0x90d370], sa_mask[0]=00100000000000000000000000000000, sa_flags=SA_RESTART|SA_SIGINFO
SIGHUP: [libjvm.so+0x90d990], sa_mask[0]=11111111011111111101111111111110, sa_flags=SA_RESTART|SA_SIGINFO
SIGINT: [libjvm.so+0x90d990], sa_mask[0]=11111111011111111101111111111110, sa_flags=SA_RESTART|SA_SIGINFO
SIGTERM: [libjvm.so+0x90d990], sa_mask[0]=11111111011111111101111111111110, sa_flags=SA_RESTART|SA_SIGINFO
SIGQUIT: [libjvm.so+0x90d990], sa_mask[0]=11111111011111111101111111111110, sa_flags=SA_RESTART|SA_SIGINFO


---------------  S Y S T E M  ---------------

OS:DISTRIB_ID=Ubuntu
DISTRIB_RELEASE=18.04
DISTRIB_CODENAME=bionic
DISTRIB_DESCRIPTION="Ubuntu 18.04.5 LTS"

uname:Linux 4.15.0-122-generic #124-Ubuntu SMP Thu Oct 15 13:03:05 UTC 2020 x86_64
libc:glibc 2.27 NPTL 2.27 
rlimit: STACK 8192k, CORE 0k, NPROC 31253, NOFILE 1048576, AS infinity
load average:1.38 0.89 0.76

/proc/meminfo:
MemTotal:        8045812 kB
MemFree:          369680 kB
MemAvailable:     401712 kB
Buffers:            9520 kB
Cached:           890612 kB
SwapCached:         9568 kB
Active:          6248888 kB
Inactive:        1064496 kB
Active(anon):    6181100 kB
Inactive(anon):   914836 kB
Active(file):      67788 kB
Inactive(file):   149660 kB
Unevictable:          80 kB
Mlocked:              80 kB
SwapTotal:       2097148 kB
SwapFree:             60 kB
Dirty:              1212 kB
Writeback:             0 kB
AnonPages:       6404180 kB
Mapped:           709276 kB
Shmem:            682388 kB
Slab:             149368 kB
SReclaimable:      67496 kB
SUnreclaim:        81872 kB
KernelStack:       20576 kB
PageTables:       100168 kB
NFS_Unstable:          0 kB
Bounce:                0 kB
WritebackTmp:          0 kB
CommitLimit:     6120052 kB
Committed_AS:   20016816 kB
VmallocTotal:   34359738367 kB
VmallocUsed:           0 kB
VmallocChunk:          0 kB
HardwareCorrupted:     0 kB
AnonHugePages:         0 kB
ShmemHugePages:        0 kB
ShmemPmdMapped:        0 kB
CmaTotal:              0 kB
CmaFree:               0 kB
HugePages_Total:       0
HugePages_Free:        0
HugePages_Rsvd:        0
HugePages_Surp:        0
Hugepagesize:       2048 kB
DirectMap4k:      561688 kB
DirectMap2M:     7704576 kB
DirectMap1G:     1048576 kB

container (cgroup) information:
container_type: cgroupv1
cpu_cpuset_cpus: 0-3
cpu_memory_nodes: 0
active_processor_count: 4
cpu_quota: -1
cpu_period: 100000
cpu_shares: -1
memory_limit_in_bytes: -1
memory_and_swap_limit_in_bytes: -2
memory_soft_limit_in_bytes: -1
memory_usage_in_bytes: 7489089536
memory_max_usage_in_bytes: 35803136


CPU:total 4 (initial active 4) (2 cores per cpu, 2 threads per core) family 6 model 61 stepping 4, cmov, cx8, fxsr, mmx, sse, sse2, sse3, ssse3, sse4.1, sse4.2, popcnt, avx, avx2, aes, clmul, erms, rtm, 3dnowpref, lzcnt, ht, tsc, tscinvbit, bmi1, bmi2, adx

/proc/cpuinfo:
processor	: 0
vendor_id	: GenuineIntel
cpu family	: 6
model		: 61
model name	: Intel(R) Core(TM) i5-5300U CPU @ 2.30GHz
stepping	: 4
microcode	: 0x2f
cpu MHz		: 2260.020
cache size	: 3072 KB
physical id	: 0
siblings	: 4
core id		: 0
cpu cores	: 2
apicid		: 0
initial apicid	: 0
fpu		: yes
fpu_exception	: yes
cpuid level	: 20
wp		: yes
flags		: fpu vme de pse tsc msr pae mce cx8 apic sep mtrr pge mca cmov pat pse36 clflush dts acpi mmx fxsr sse sse2 ss ht tm pbe syscall nx pdpe1gb rdtscp lm constant_tsc arch_perfmon pebs bts rep_good nopl xtopology nonstop_tsc cpuid aperfmperf pni pclmulqdq dtes64 monitor ds_cpl vmx smx est tm2 ssse3 sdbg fma cx16 xtpr pdcm pcid sse4_1 sse4_2 x2apic movbe popcnt tsc_deadline_timer aes xsave avx f16c rdrand lahf_lm abm 3dnowprefetch cpuid_fault epb invpcid_single pti ssbd ibrs ibpb stibp tpr_shadow vnmi flexpriority ept vpid fsgsbase tsc_adjust bmi1 hle avx2 smep bmi2 erms invpcid rtm rdseed adx smap intel_pt xsaveopt dtherm ida arat pln pts md_clear flush_l1d
bugs		: cpu_meltdown spectre_v1 spectre_v2 spec_store_bypass l1tf mds swapgs taa itlb_multihit srbds
bogomips	: 4589.22
clflush size	: 64
cache_alignment	: 64
address sizes	: 39 bits physical, 48 bits virtual
power management:

processor	: 1
vendor_id	: GenuineIntel
cpu family	: 6
model		: 61
model name	: Intel(R) Core(TM) i5-5300U CPU @ 2.30GHz
stepping	: 4
microcode	: 0x2f
cpu MHz		: 2295.866
cache size	: 3072 KB
physical id	: 0
siblings	: 4
core id		: 1
cpu cores	: 2
apicid		: 2
initial apicid	: 2
fpu		: yes
fpu_exception	: yes
cpuid level	: 20
wp		: yes
flags		: fpu vme de pse tsc msr pae mce cx8 apic sep mtrr pge mca cmov pat pse36 clflush dts acpi mmx fxsr sse sse2 ss ht tm pbe syscall nx pdpe1gb rdtscp lm constant_tsc arch_perfmon pebs bts rep_good nopl xtopology nonstop_tsc cpuid aperfmperf pni pclmulqdq dtes64 monitor ds_cpl vmx smx est tm2 ssse3 sdbg fma cx16 xtpr pdcm pcid sse4_1 sse4_2 x2apic movbe popcnt tsc_deadline_timer aes xsave avx f16c rdrand lahf_lm abm 3dnowprefetch cpuid_fault epb invpcid_single pti ssbd ibrs ibpb stibp tpr_shadow vnmi flexpriority ept vpid fsgsbase tsc_adjust bmi1 hle avx2 smep bmi2 erms invpcid rtm rdseed adx smap intel_pt xsaveopt dtherm ida arat pln pts md_clear flush_l1d
bugs		: cpu_meltdown spectre_v1 spectre_v2 spec_store_bypass l1tf mds swapgs taa itlb_multihit srbds
bogomips	: 4589.22
clflush size	: 64
cache_alignment	: 64
address sizes	: 39 bits physical, 48 bits virtual
power management:

processor	: 2
vendor_id	: GenuineIntel
cpu family	: 6
model		: 61
model name	: Intel(R) Core(TM) i5-5300U CPU @ 2.30GHz
stepping	: 4
microcode	: 0x2f
cpu MHz		: 2296.675
cache size	: 3072 KB
physical id	: 0
siblings	: 4
core id		: 0
cpu cores	: 2
apicid		: 1
initial apicid	: 1
fpu		: yes
fpu_exception	: yes
cpuid level	: 20
wp		: yes
flags		: fpu vme de pse tsc msr pae mce cx8 apic sep mtrr pge mca cmov pat pse36 clflush dts acpi mmx fxsr sse sse2 ss ht tm pbe syscall nx pdpe1gb rdtscp lm constant_tsc arch_perfmon pebs bts rep_good nopl xtopology nonstop_tsc cpuid aperfmperf pni pclmulqdq dtes64 monitor ds_cpl vmx smx est tm2 ssse3 sdbg fma cx16 xtpr pdcm pcid sse4_1 sse4_2 x2apic movbe popcnt tsc_deadline_timer aes xsave avx f16c rdrand lahf_lm abm 3dnowprefetch cpuid_fault epb invpcid_single pti ssbd ibrs ibpb stibp tpr_shadow vnmi flexpriority ept vpid fsgsbase tsc_adjust bmi1 hle avx2 smep bmi2 erms invpcid rtm rdseed adx smap intel_pt xsaveopt dtherm ida arat pln pts md_clear flush_l1d
bugs		: cpu_meltdown spectre_v1 spectre_v2 spec_store_bypass l1tf mds swapgs taa itlb_multihit srbds
bogomips	: 4589.22
clflush size	: 64
cache_alignment	: 64
address sizes	: 39 bits physical, 48 bits virtual
power management:

processor	: 3
vendor_id	: GenuineIntel
cpu family	: 6
model		: 61
model name	: Intel(R) Core(TM) i5-5300U CPU @ 2.30GHz
stepping	: 4
microcode	: 0x2f
cpu MHz		: 2299.883
cache size	: 3072 KB
physical id	: 0
siblings	: 4
core id		: 1
cpu cores	: 2
apicid		: 3
initial apicid	: 3
fpu		: yes
fpu_exception	: yes
cpuid level	: 20
wp		: yes
flags		: fpu vme de pse tsc msr pae mce cx8 apic sep mtrr pge mca cmov pat pse36 clflush dts acpi mmx fxsr sse sse2 ss ht tm pbe syscall nx pdpe1gb rdtscp lm constant_tsc arch_perfmon pebs bts rep_good nopl xtopology nonstop_tsc cpuid aperfmperf pni pclmulqdq dtes64 monitor ds_cpl vmx smx est tm2 ssse3 sdbg fma cx16 xtpr pdcm pcid sse4_1 sse4_2 x2apic movbe popcnt tsc_deadline_timer aes xsave avx f16c rdrand lahf_lm abm 3dnowprefetch cpuid_fault epb invpcid_single pti ssbd ibrs ibpb stibp tpr_shadow vnmi flexpriority ept vpid fsgsbase tsc_adjust bmi1 hle avx2 smep bmi2 erms invpcid rtm rdseed adx smap intel_pt xsaveopt dtherm ida arat pln pts md_clear flush_l1d
bugs		: cpu_meltdown spectre_v1 spectre_v2 spec_store_bypass l1tf mds swapgs taa itlb_multihit srbds
bogomips	: 4589.22
clflush size	: 64
cache_alignment	: 64
address sizes	: 39 bits physical, 48 bits virtual
power management:



Memory: 4k page, physical 8045812k(369556k free), swap 2097148k(60k free)

vm_info: Java HotSpot(TM) 64-Bit Server VM (25.241-b07) for linux-amd64 JRE (1.8.0_241-b07), built on Dec 11 2019 02:22:16 by "java_re" with gcc 7.3.0

time: Tue Nov 10 16:18:11 2020
timezone: IST
elapsed time: 13 seconds (0d 0h 0m 13s)

